{"/Users/bpatel/Desktop/Practise/envoy/app/models/visitor.model.js":{"path":"/Users/bpatel/Desktop/Practise/envoy/app/models/visitor.model.js","s":{"1":1,"2":1,"3":1,"4":1,"5":5,"6":5,"7":1,"8":5,"9":1,"10":5,"11":1,"12":1},"b":{"1":[1,4],"2":[1,4]},"f":{"1":5},"fnMap":{"1":{"name":"(anonymous_1)","line":16,"loc":{"start":{"line":16,"column":26},"end":{"line":16,"column":47}}}},"statementMap":{"1":{"start":{"line":1,"column":0},"end":{"line":1,"column":35}},"2":{"start":{"line":2,"column":0},"end":{"line":2,"column":29}},"3":{"start":{"line":5,"column":0},"end":{"line":13,"column":3}},"4":{"start":{"line":16,"column":0},"end":{"line":28,"column":3}},"5":{"start":{"line":18,"column":4},"end":{"line":18,"column":34}},"6":{"start":{"line":20,"column":4},"end":{"line":22,"column":5}},"7":{"start":{"line":21,"column":8},"end":{"line":21,"column":55}},"8":{"start":{"line":23,"column":4},"end":{"line":25,"column":5}},"9":{"start":{"line":24,"column":8},"end":{"line":24,"column":55}},"10":{"start":{"line":27,"column":4},"end":{"line":27,"column":11}},"11":{"start":{"line":30,"column":0},"end":{"line":30,"column":60}},"12":{"start":{"line":32,"column":0},"end":{"line":32,"column":30}}},"branchMap":{"1":{"line":20,"type":"if","locations":[{"start":{"line":20,"column":4},"end":{"line":20,"column":4}},{"start":{"line":20,"column":4},"end":{"line":20,"column":4}}]},"2":{"line":23,"type":"if","locations":[{"start":{"line":23,"column":4},"end":{"line":23,"column":4}},{"start":{"line":23,"column":4},"end":{"line":23,"column":4}}]}}},"/Users/bpatel/Desktop/Practise/envoy/server.js":{"path":"/Users/bpatel/Desktop/Practise/envoy/server.js","s":{"1":1,"2":1,"3":1,"4":1,"5":1,"6":1,"7":1,"8":1,"9":1,"10":1,"11":1,"12":1,"13":1,"14":1,"15":1,"16":1,"17":0,"18":0,"19":0,"20":0,"21":0,"22":1,"23":1,"24":1,"25":0,"26":1,"27":1,"28":1,"29":1},"b":{"1":[0,1],"2":[0,0],"3":[0,1]},"f":{"1":0,"2":1,"3":1},"fnMap":{"1":{"name":"(anonymous_1)","line":31,"loc":{"start":{"line":31,"column":30},"end":{"line":31,"column":43}}},"2":{"name":"(anonymous_2)","line":37,"loc":{"start":{"line":37,"column":32},"end":{"line":37,"column":45}}},"3":{"name":"(anonymous_3)","line":43,"loc":{"start":{"line":43,"column":36},"end":{"line":43,"column":48}}}},"statementMap":{"1":{"start":{"line":1,"column":0},"end":{"line":1,"column":33}},"2":{"start":{"line":2,"column":0},"end":{"line":2,"column":35}},"3":{"start":{"line":3,"column":0},"end":{"line":3,"column":31}},"4":{"start":{"line":4,"column":0},"end":{"line":4,"column":40}},"5":{"start":{"line":5,"column":0},"end":{"line":5,"column":48}},"6":{"start":{"line":6,"column":0},"end":{"line":6,"column":44}},"7":{"start":{"line":7,"column":0},"end":{"line":7,"column":27}},"8":{"start":{"line":8,"column":0},"end":{"line":8,"column":20}},"9":{"start":{"line":16,"column":0},"end":{"line":16,"column":23}},"10":{"start":{"line":17,"column":0},"end":{"line":17,"column":16}},"11":{"start":{"line":19,"column":0},"end":{"line":19,"column":27}},"12":{"start":{"line":20,"column":0},"end":{"line":20,"column":52}},"13":{"start":{"line":21,"column":0},"end":{"line":21,"column":63}},"14":{"start":{"line":25,"column":0},"end":{"line":25,"column":36}},"15":{"start":{"line":27,"column":0},"end":{"line":27,"column":7}},"16":{"start":{"line":29,"column":0},"end":{"line":41,"column":1}},"17":{"start":{"line":30,"column":1},"end":{"line":30,"column":39}},"18":{"start":{"line":31,"column":1},"end":{"line":34,"column":4}},"19":{"start":{"line":32,"column":3},"end":{"line":32,"column":21}},"20":{"start":{"line":32,"column":11},"end":{"line":32,"column":21}},"21":{"start":{"line":33,"column":3},"end":{"line":33,"column":58}},"22":{"start":{"line":36,"column":2},"end":{"line":36,"column":35}},"23":{"start":{"line":37,"column":8},"end":{"line":40,"column":4}},"24":{"start":{"line":38,"column":3},"end":{"line":38,"column":21}},"25":{"start":{"line":38,"column":11},"end":{"line":38,"column":21}},"26":{"start":{"line":39,"column":3},"end":{"line":39,"column":53}},"27":{"start":{"line":43,"column":0},"end":{"line":45,"column":3}},"28":{"start":{"line":44,"column":2},"end":{"line":44,"column":66}},"29":{"start":{"line":47,"column":0},"end":{"line":47,"column":21}}},"branchMap":{"1":{"line":29,"type":"if","locations":[{"start":{"line":29,"column":0},"end":{"line":29,"column":0}},{"start":{"line":29,"column":0},"end":{"line":29,"column":0}}]},"2":{"line":32,"type":"if","locations":[{"start":{"line":32,"column":3},"end":{"line":32,"column":3}},{"start":{"line":32,"column":3},"end":{"line":32,"column":3}}]},"3":{"line":38,"type":"if","locations":[{"start":{"line":38,"column":3},"end":{"line":38,"column":3}},{"start":{"line":38,"column":3},"end":{"line":38,"column":3}}]}}},"/Users/bpatel/Desktop/Practise/envoy/app/config/config.js":{"path":"/Users/bpatel/Desktop/Practise/envoy/app/config/config.js","s":{"1":1,"2":1},"b":{"1":[1,1]},"f":{},"fnMap":{},"statementMap":{"1":{"start":{"line":8,"column":0},"end":{"line":12,"column":1}},"2":{"start":{"line":13,"column":0},"end":{"line":13,"column":24}}},"branchMap":{"1":{"line":9,"type":"binary-expr","locations":[{"start":{"line":9,"column":7},"end":{"line":9,"column":23}},{"start":{"line":9,"column":27},"end":{"line":9,"column":31}}]}}},"/Users/bpatel/Desktop/Practise/envoy/app/router/router.js":{"path":"/Users/bpatel/Desktop/Practise/envoy/app/router/router.js","s":{"1":1,"2":1,"3":1,"4":1,"5":1,"6":1,"7":1,"8":1,"9":1},"b":{},"f":{"1":1},"fnMap":{"1":{"name":"(anonymous_1)","line":5,"loc":{"start":{"line":5,"column":17},"end":{"line":5,"column":30}}}},"statementMap":{"1":{"start":{"line":1,"column":0},"end":{"line":1,"column":49}},"2":{"start":{"line":3,"column":0},"end":{"line":3,"column":78}},"3":{"start":{"line":5,"column":0},"end":{"line":22,"column":1}},"4":{"start":{"line":8,"column":1},"end":{"line":8,"column":56}},"5":{"start":{"line":9,"column":1},"end":{"line":9,"column":58}},"6":{"start":{"line":11,"column":1},"end":{"line":11,"column":71}},"7":{"start":{"line":13,"column":1},"end":{"line":13,"column":55}},"8":{"start":{"line":14,"column":1},"end":{"line":14,"column":57}},"9":{"start":{"line":16,"column":1},"end":{"line":16,"column":70}}},"branchMap":{}},"/Users/bpatel/Desktop/Practise/envoy/app/controllers/visitor.controller.js":{"path":"/Users/bpatel/Desktop/Practise/envoy/app/controllers/visitor.controller.js","s":{"1":1,"2":2,"3":2,"4":5,"5":5,"6":5,"7":5,"8":5,"9":4,"10":1,"11":1,"12":3,"13":2,"14":1,"15":0,"16":0,"17":0,"18":0,"19":0,"20":0,"21":1,"22":1,"23":0,"24":0,"25":1,"26":2,"27":1,"28":1,"29":1,"30":1,"31":1,"32":0,"33":1,"34":2,"35":0,"36":0,"37":0,"38":0,"39":2,"40":1},"b":{"1":[1,3],"2":[0,1],"3":[1,1],"4":[0,0],"5":[0,1],"6":[0,1],"7":[0,0]},"f":{"1":2,"2":5,"3":4,"4":1,"5":0,"6":1,"7":1,"8":1,"9":1,"10":0,"11":0},"fnMap":{"1":{"name":"(anonymous_1)","line":3,"loc":{"start":{"line":3,"column":18},"end":{"line":3,"column":35}}},"2":{"name":"(anonymous_2)","line":7,"loc":{"start":{"line":7,"column":26},"end":{"line":7,"column":50}}},"3":{"name":"(anonymous_3)","line":15,"loc":{"start":{"line":15,"column":18},"end":{"line":15,"column":40}}},"4":{"name":"(anonymous_4)","line":25,"loc":{"start":{"line":25,"column":25},"end":{"line":25,"column":49}}},"5":{"name":"(anonymous_5)","line":30,"loc":{"start":{"line":30,"column":54},"end":{"line":30,"column":79}}},"6":{"name":"(anonymous_6)","line":40,"loc":{"start":{"line":40,"column":16},"end":{"line":40,"column":41}}},"7":{"name":"(anonymous_7)","line":52,"loc":{"start":{"line":52,"column":28},"end":{"line":52,"column":52}}},"8":{"name":"(anonymous_8)","line":54,"loc":{"start":{"line":54,"column":42},"end":{"line":54,"column":64}}},"9":{"name":"(anonymous_9)","line":57,"loc":{"start":{"line":57,"column":16},"end":{"line":57,"column":38}}},"10":{"name":"(anonymous_10)","line":69,"loc":{"start":{"line":69,"column":28},"end":{"line":69,"column":52}}},"11":{"name":"(anonymous_11)","line":71,"loc":{"start":{"line":71,"column":49},"end":{"line":71,"column":72}}}},"statementMap":{"1":{"start":{"line":3,"column":0},"end":{"line":80,"column":1}},"2":{"start":{"line":5,"column":1},"end":{"line":5,"column":21}},"3":{"start":{"line":7,"column":1},"end":{"line":23,"column":2}},"4":{"start":{"line":9,"column":2},"end":{"line":9,"column":41}},"5":{"start":{"line":11,"column":2},"end":{"line":11,"column":29}},"6":{"start":{"line":12,"column":2},"end":{"line":12,"column":31}},"7":{"start":{"line":13,"column":2},"end":{"line":13,"column":32}},"8":{"start":{"line":15,"column":2},"end":{"line":22,"column":5}},"9":{"start":{"line":16,"column":3},"end":{"line":19,"column":4}},"10":{"start":{"line":17,"column":4},"end":{"line":17,"column":50}},"11":{"start":{"line":18,"column":4},"end":{"line":18,"column":11}},"12":{"start":{"line":21,"column":3},"end":{"line":21,"column":46}},"13":{"start":{"line":25,"column":1},"end":{"line":50,"column":2}},"14":{"start":{"line":27,"column":2},"end":{"line":48,"column":3}},"15":{"start":{"line":29,"column":3},"end":{"line":29,"column":31}},"16":{"start":{"line":30,"column":3},"end":{"line":36,"column":16}},"17":{"start":{"line":31,"column":4},"end":{"line":34,"column":5}},"18":{"start":{"line":32,"column":5},"end":{"line":32,"column":62}},"19":{"start":{"line":33,"column":5},"end":{"line":33,"column":11}},"20":{"start":{"line":35,"column":4},"end":{"line":35,"column":48}},"21":{"start":{"line":40,"column":3},"end":{"line":46,"column":16}},"22":{"start":{"line":41,"column":4},"end":{"line":44,"column":5}},"23":{"start":{"line":42,"column":5},"end":{"line":42,"column":62}},"24":{"start":{"line":43,"column":5},"end":{"line":43,"column":11}},"25":{"start":{"line":45,"column":4},"end":{"line":45,"column":48}},"26":{"start":{"line":52,"column":1},"end":{"line":65,"column":2}},"27":{"start":{"line":54,"column":2},"end":{"line":64,"column":5}},"28":{"start":{"line":55,"column":3},"end":{"line":55,"column":28}},"29":{"start":{"line":56,"column":3},"end":{"line":56,"column":36}},"30":{"start":{"line":57,"column":3},"end":{"line":63,"column":6}},"31":{"start":{"line":58,"column":4},"end":{"line":60,"column":5}},"32":{"start":{"line":59,"column":5},"end":{"line":59,"column":60}},"33":{"start":{"line":62,"column":4},"end":{"line":62,"column":47}},"34":{"start":{"line":69,"column":1},"end":{"line":77,"column":2}},"35":{"start":{"line":71,"column":2},"end":{"line":76,"column":5}},"36":{"start":{"line":72,"column":3},"end":{"line":74,"column":4}},"37":{"start":{"line":73,"column":4},"end":{"line":73,"column":76}},"38":{"start":{"line":75,"column":3},"end":{"line":75,"column":66}},"39":{"start":{"line":79,"column":1},"end":{"line":79,"column":19}},"40":{"start":{"line":82,"column":0},"end":{"line":82,"column":29}}},"branchMap":{"1":{"line":16,"type":"if","locations":[{"start":{"line":16,"column":3},"end":{"line":16,"column":3}},{"start":{"line":16,"column":3},"end":{"line":16,"column":3}}]},"2":{"line":27,"type":"if","locations":[{"start":{"line":27,"column":2},"end":{"line":27,"column":2}},{"start":{"line":27,"column":2},"end":{"line":27,"column":2}}]},"3":{"line":27,"type":"binary-expr","locations":[{"start":{"line":27,"column":5},"end":{"line":27,"column":14}},{"start":{"line":27,"column":18},"end":{"line":27,"column":32}}]},"4":{"line":31,"type":"if","locations":[{"start":{"line":31,"column":4},"end":{"line":31,"column":4}},{"start":{"line":31,"column":4},"end":{"line":31,"column":4}}]},"5":{"line":41,"type":"if","locations":[{"start":{"line":41,"column":4},"end":{"line":41,"column":4}},{"start":{"line":41,"column":4},"end":{"line":41,"column":4}}]},"6":{"line":58,"type":"if","locations":[{"start":{"line":58,"column":4},"end":{"line":58,"column":4}},{"start":{"line":58,"column":4},"end":{"line":58,"column":4}}]},"7":{"line":72,"type":"if","locations":[{"start":{"line":72,"column":3},"end":{"line":72,"column":3}},{"start":{"line":72,"column":3},"end":{"line":72,"column":3}}]}}}}