TN:
SF:/Users/bpatel/Desktop/Practise/envoy/app/models/visitor.model.js
FN:16,(anonymous_1)
FNF:1
FNH:1
FNDA:5,(anonymous_1)
DA:1,1
DA:2,1
DA:5,1
DA:16,1
DA:18,5
DA:20,5
DA:21,1
DA:23,5
DA:24,1
DA:27,5
DA:30,1
DA:32,1
LF:12
LH:12
BRDA:20,1,0,1
BRDA:20,1,1,4
BRDA:23,2,0,1
BRDA:23,2,1,4
BRF:4
BRH:4
end_of_record
TN:
SF:/Users/bpatel/Desktop/Practise/envoy/server.js
FN:31,(anonymous_1)
FN:37,(anonymous_2)
FN:43,(anonymous_3)
FNF:3
FNH:2
FNDA:0,(anonymous_1)
FNDA:1,(anonymous_2)
FNDA:1,(anonymous_3)
DA:1,1
DA:2,1
DA:3,1
DA:4,1
DA:5,1
DA:6,1
DA:7,1
DA:8,1
DA:16,1
DA:17,1
DA:19,1
DA:20,1
DA:21,1
DA:25,1
DA:27,1
DA:29,1
DA:30,0
DA:31,0
DA:32,0
DA:33,0
DA:36,1
DA:37,1
DA:38,1
DA:39,1
DA:43,1
DA:44,1
DA:47,1
LF:27
LH:23
BRDA:29,1,0,0
BRDA:29,1,1,1
BRDA:32,2,0,0
BRDA:32,2,1,0
BRDA:38,3,0,0
BRDA:38,3,1,1
BRF:6
BRH:2
end_of_record
TN:
SF:/Users/bpatel/Desktop/Practise/envoy/app/config/config.js
FNF:0
FNH:0
DA:8,1
DA:13,1
LF:2
LH:2
BRDA:9,1,0,1
BRDA:9,1,1,1
BRF:2
BRH:2
end_of_record
TN:
SF:/Users/bpatel/Desktop/Practise/envoy/app/router/router.js
FN:5,(anonymous_1)
FNF:1
FNH:1
FNDA:1,(anonymous_1)
DA:1,1
DA:3,1
DA:5,1
DA:8,1
DA:9,1
DA:11,1
DA:13,1
DA:14,1
DA:16,1
LF:9
LH:9
BRF:0
BRH:0
end_of_record
TN:
SF:/Users/bpatel/Desktop/Practise/envoy/app/controllers/visitor.controller.js
FN:3,(anonymous_1)
FN:7,(anonymous_2)
FN:15,(anonymous_3)
FN:25,(anonymous_4)
FN:30,(anonymous_5)
FN:40,(anonymous_6)
FN:52,(anonymous_7)
FN:54,(anonymous_8)
FN:57,(anonymous_9)
FN:69,(anonymous_10)
FN:71,(anonymous_11)
FNF:11
FNH:8
FNDA:2,(anonymous_1)
FNDA:5,(anonymous_2)
FNDA:4,(anonymous_3)
FNDA:1,(anonymous_4)
FNDA:0,(anonymous_5)
FNDA:1,(anonymous_6)
FNDA:1,(anonymous_7)
FNDA:1,(anonymous_8)
FNDA:1,(anonymous_9)
FNDA:0,(anonymous_10)
FNDA:0,(anonymous_11)
DA:3,1
DA:5,2
DA:7,2
DA:9,5
DA:11,5
DA:12,5
DA:13,5
DA:15,5
DA:16,4
DA:17,1
DA:18,1
DA:21,3
DA:25,2
DA:27,1
DA:29,0
DA:30,0
DA:31,0
DA:32,0
DA:33,0
DA:35,0
DA:40,1
DA:41,1
DA:42,0
DA:43,0
DA:45,1
DA:52,2
DA:54,1
DA:55,1
DA:56,1
DA:57,1
DA:58,1
DA:59,0
DA:62,1
DA:69,2
DA:71,0
DA:72,0
DA:73,0
DA:75,0
DA:79,2
DA:82,1
LF:40
LH:27
BRDA:16,1,0,1
BRDA:16,1,1,3
BRDA:27,2,0,0
BRDA:27,2,1,1
BRDA:27,3,0,1
BRDA:27,3,1,1
BRDA:31,4,0,0
BRDA:31,4,1,0
BRDA:41,5,0,0
BRDA:41,5,1,1
BRDA:58,6,0,0
BRDA:58,6,1,1
BRDA:72,7,0,0
BRDA:72,7,1,0
BRF:14
BRH:7
end_of_record
